#
# A fatal error has been detected by the Java Runtime Environment:
#
#  Internal Error (javaClasses.cpp:124), pid=3876, tid=2648
#  fatal error: Invalid layout of preloaded class
#
# JRE version:  (8.0_05-b13) (build )
# Java VM: Java HotSpot(TM) 64-Bit Server VM (25.5-b02 mixed mode windows-amd64 compressed oops)
# Failed to write core dump. Minidumps are not enabled by default on client versions of Windows
#
# If you would like to submit a bug report, please visit:
#   http://bugreport.sun.com/bugreport/crash.jsp
#

---------------  T H R E A D  ---------------

Current thread (0x00000000003be800):  JavaThread "Unknown thread" [_thread_in_vm, id=2648, stack(0x0000000002270000,0x0000000002370000)]

Stack: [0x0000000002270000,0x0000000002370000]
Native frames: (J=compiled Java code, j=interpreted, Vv=VM code, C=native code)
V  [jvm.dll+0x308dea]
V  [jvm.dll+0x25def1]
V  [jvm.dll+0x25eb0f]
V  [jvm.dll+0x256466]
V  [jvm.dll+0x5d33c]
V  [jvm.dll+0x5d433]
V  [jvm.dll+0x71d2a]
V  [jvm.dll+0x72088]
V  [jvm.dll+0xe1607]
V  [jvm.dll+0xe1996]
V  [jvm.dll+0x1f13e7]
V  [jvm.dll+0x2227c4]
V  [jvm.dll+0x149f71]
C  [javaw.exe+0x208a]
C  [javaw.exe+0xc9db]
C  [javaw.exe+0xca6f]
C  [kernel32.dll+0x159ed]
C  [ntdll.dll+0x2c541]


---------------  P R O C E S S  ---------------

Java Threads: ( => current thread )

Other Threads:

=>0x00000000003be800 (exited) JavaThread "Unknown thread" [_thread_in_vm, id=2648, stack(0x0000000002270000,0x0000000002370000)]

VM state:not at safepoint (not fully initialized)

VM Mutex/Monitor currently owned by a thread: None

GC Heap History (0 events):
No events

Deoptimization events (0 events):
No events

Internal exceptions (0 events):
No events

Events (10 events):
Event: 0.009 loading class java/lang/CharSequence done
Event: 0.009 loading class java/lang/String done
Event: 0.009 loading class java/lang/Class
Event: 0.009 loading class java/lang/reflect/AnnotatedElement
Event: 0.009 loading class java/lang/reflect/AnnotatedElement done
Event: 0.009 loading class java/lang/reflect/GenericDeclaration
Event: 0.009 loading class java/lang/reflect/GenericDeclaration done
Event: 0.009 loading class java/lang/reflect/Type
Event: 0.010 loading class java/lang/reflect/Type done
Event: 0.010 loading class java/lang/Class done


Dynamic libraries:
0x000000013f1b0000 - 0x000000013f1e4000 	C:\Program Files\Java\jre8\bin\javaw.exe
0x00000000771e0000 - 0x0000000077389000 	C:\Windows\SYSTEM32\ntdll.dll
0x0000000076fc0000 - 0x00000000770df000 	C:\Windows\system32\kernel32.dll
0x000007fefd2e0000 - 0x000007fefd34c000 	C:\Windows\system32\KERNELBASE.dll
0x000007feff060000 - 0x000007feff13b000 	C:\Windows\system32\ADVAPI32.dll
0x000007fefd3d0000 - 0x000007fefd46f000 	C:\Windows\system32\msvcrt.dll
0x000007fefd470000 - 0x000007fefd48f000 	C:\Windows\SYSTEM32\sechost.dll
0x000007feff3c0000 - 0x000007feff4ed000 	C:\Windows\system32\RPCRT4.dll
0x00000000770e0000 - 0x00000000771da000 	C:\Windows\system32\USER32.dll
0x000007fefd360000 - 0x000007fefd3c7000 	C:\Windows\system32\GDI32.dll
0x000007feff330000 - 0x000007feff33e000 	C:\Windows\system32\LPK.dll
0x000007feff140000 - 0x000007feff209000 	C:\Windows\system32\USP10.dll
0x000007fefb7e0000 - 0x000007fefb9d4000 	C:\Windows\WinSxS\amd64_microsoft.windows.common-controls_6595b64144ccf1df_6.0.7601.17514_none_fa396087175ac9ac\COMCTL32.dll
0x000007feff340000 - 0x000007feff3b1000 	C:\Windows\system32\SHLWAPI.dll
0x000007feff300000 - 0x000007feff32e000 	C:\Windows\system32\IMM32.DLL
0x000007fefec60000 - 0x000007fefed69000 	C:\Windows\system32\MSCTF.dll
0x00000000640e0000 - 0x00000000641b2000 	C:\Program Files\Java\jre8\bin\msvcr100.dll
0x0000000062180000 - 0x00000000629aa000 	C:\Program Files\Java\jre8\bin\server\jvm.dll
0x000007feee9e0000 - 0x000007feee9e9000 	C:\Windows\system32\WSOCK32.dll
0x000007fefd490000 - 0x000007fefd4dd000 	C:\Windows\system32\WS2_32.dll
0x000007feff2f0000 - 0x000007feff2f8000 	C:\Windows\system32\NSI.dll
0x000007fefab20000 - 0x000007fefab5b000 	C:\Windows\system32\WINMM.dll
0x00000000773b0000 - 0x00000000773b7000 	C:\Windows\system32\PSAPI.DLL
0x0000000073890000 - 0x000000007389f000 	C:\Program Files\Java\jre8\bin\verify.dll
0x000000006ee70000 - 0x000000006ee98000 	C:\Program Files\Java\jre8\bin\java.dll
0x000000006f310000 - 0x000000006f326000 	C:\Program Files\Java\jre8\bin\zip.dll
0x000007feeee00000 - 0x000007feeef25000 	C:\Windows\system32\dbghelp.dll

VM Arguments:
jvm_args: -Dfile.encoding=Cp1252 -Xbootclasspath:C:\Users\Parash\AppData\Local\Android\sdk\platforms\android-21\android.jar 
java_command: com.parash.expensechecker.Claim
java_class_path (initial): C:\Users\Parash\workspace\ExpenseChecker\libs\android-support-v4.jar;C:\Users\Parash\workspace\ExpenseChecker\libs\android-support-v7-appcompat.jar;C:\Users\Parash\workspace\ExpenseChecker\libs\gson-2.3.1.jar;C:\Users\Parash\workspace\ExpenseChecker\libs\gson-2.3.1-javadoc.jar;C:\Users\Parash\workspace\ExpenseChecker\bin\classes;C:\Users\Parash\AppData\Local\Android\sdk\extras\android\support\v7\appcompat\bin\android-support-v7-appcompat.jar
Launcher Type: SUN_STANDARD

Environment Variables:
JAVA_HOME=C:\Program Files\Java\jdk1.8.0_05
PATH=C:\Program Files (x86)\Intel\iCLS Client\;C:\Program Files\Intel\iCLS Client\;C:\Windows\system32;C:\Windows;C:\Windows\System32\Wbem;C:\Windows\System32\WindowsPowerShell\v1.0\;C:\Program Files\Intel\Intel(R) Management Engine Components\DAL;C:\Program Files\Intel\Intel(R) Management Engine Components\IPT;C:\Program Files (x86)\Intel\Intel(R) Management Engine Components\DAL;C:\Program Files (x86)\Intel\Intel(R) Management Engine Components\IPT;C:\Program Files\Intel\WiFi\bin\;C:\Program Files\Common Files\Intel\WirelessCommon\;C:\Python33\;C:\Program Files\Dell\Dell Data Protection\TSS\bin\;C:\Program Files (x86)\QuickTime\QTSystem\;C:\Program Files\Microsoft SQL Server\110\Tools\Binn\
USERNAME=Parash
OS=Windows_NT
PROCESSOR_IDENTIFIER=Intel64 Family 6 Model 69 Stepping 1, GenuineIntel



---------------  S Y S T E M  ---------------

OS: Windows 7 , 64 bit Build 7601 Service Pack 1

CPU:total 4 (2 cores per cpu, 2 threads per core) family 6 model 69 stepping 1, cmov, cx8, fxsr, mmx, sse, sse2, sse3, ssse3, sse4.1, sse4.2, popcnt, avx, avx2, aes, clmul, erms, ht, tsc, tscinvbit

Memory: 4k page, physical 4097628k(1454580k free), swap 8193396k(3814476k free)

vm_info: Java HotSpot(TM) 64-Bit Server VM (25.5-b02) for windows-amd64 JRE (1.8.0_05-b13), built on Mar 18 2014 01:08:39 by "java_re" with MS VC++ 10.0 (VS2010)

time: Thu Jan 29 23:50:11 2015
elapsed time: 0 seconds

